   1               		.file	"CrazyCar-V1.31.c"
   2               	__SREG__ = 0x3f
   3               	__SP_H__ = 0x3e
   4               	__SP_L__ = 0x3d
   5               	__CCP__  = 0x34
   6               	__tmp_reg__ = 0
   7               	__zero_reg__ = 1
  15               	.Ltext0:
  16               	.global	main
  18               	main:
  19               	.LFB2:
  20               	.LM1:
  21 0000 1F93      		push r17
  22               	/* prologue: function */
  23               	/* frame size = 0 */
  24               	.LM2:
  25 0002 0E94 0000 		call initMikroController
  26               	.LM3:
  27 0006 88E5      		ldi r24,lo8(856)
  28 0008 93E0      		ldi r25,hi8(856)
  29 000a 6CED      		ldi r22,lo8(732)
  30 000c 72E0      		ldi r23,hi8(732)
  31 000e 40E7      		ldi r20,lo8(624)
  32 0010 52E0      		ldi r21,hi8(624)
  33 0012 0E94 0000 		call initServo
  34               	.LM4:
  35 0016 82E3      		ldi r24,lo8(50)
  36 0018 0E94 0000 		call initFahr
  37               	.LM5:
  38 001c 80E0      		ldi r24,lo8(0)
  39 001e 90E0      		ldi r25,hi8(0)
  40 0020 0E94 0000 		call servo
  41               	.LM6:
  42 0024 80E0      		ldi r24,lo8(0)
  43 0026 90E0      		ldi r25,hi8(0)
  44 0028 0E94 0000 		call fahr
  45               	.LM7:
  46 002c 0E94 0000 		call s1
  47 0030 8823      		tst r24
  48 0032 01F4      		brne .L2
  49               	.LM8:
  50 0034 0E94 0000 		call s2
  51 0038 8823      		tst r24
  52 003a 01F4      		brne .L3
  53 003c 1092 0000 		sts mod,__zero_reg__
  54 0040 00C0      		rjmp .L4
  55               	.L3:
  56               	.LM9:
  57 0042 81E0      		ldi r24,lo8(1)
  58 0044 00C0      		rjmp .L22
  59               	.L2:
  60               	.LM10:
  61 0046 0E94 0000 		call s2
  62 004a 8823      		tst r24
  63 004c 01F4      		brne .L5
  64 004e 82E0      		ldi r24,lo8(2)
  65 0050 00C0      		rjmp .L22
  66               	.L5:
  67               	.LM11:
  68 0052 83E0      		ldi r24,lo8(3)
  69               	.L22:
  70 0054 8093 0000 		sts mod,r24
  71               	.L4:
  72               	.LM12:
  73 0058 0E94 0000 		call s3
  74 005c 182F      		mov r17,r24
  75 005e 8130      		cpi r24,lo8(1)
  76 0060 01F4      		brne .L6
  77               	.LM13:
  78 0062 81E0      		ldi r24,lo8(1)
  79 0064 0E94 0000 		call ledPB2
  80               	.LM14:
  81 0068 1092 0000 		sts historyDepthPointer,__zero_reg__
  82               	.LM15:
  83 006c 1093 0000 		sts hspStart,r17
  84               	.L6:
  85               	.LM16:
  86 0070 0E94 0000 		call s4
  87 0074 8823      		tst r24
  88 0076 01F0      		breq .L21
  89               	.LM17:
  90 0078 81E0      		ldi r24,lo8(1)
  91 007a 0E94 0000 		call ledPB1
  92               	.LM18:
  93 007e 80E2      		ldi r24,lo8(800)
  94 0080 93E0      		ldi r25,hi8(800)
  95 0082 0E94 0000 		call akkuSpannungPruefen
  96               	.L21:
  97               	.LM19:
  98 0086 80E0      		ldi r24,lo8(0)
  99 0088 0E94 0000 		call adc
 100 008c 9093 0000 		sts (analogwertL)+1,r25
 101 0090 8093 0000 		sts analogwertL,r24
 102               	.LM20:
 103 0094 81E0      		ldi r24,lo8(1)
 104 0096 0E94 0000 		call adc
 105 009a 9093 0000 		sts (analogwertR)+1,r25
 106 009e 8093 0000 		sts analogwertR,r24
 107               	.LM21:
 108 00a2 82E0      		ldi r24,lo8(2)
 109 00a4 0E94 0000 		call adc
 110 00a8 9093 0000 		sts (analogwertV)+1,r25
 111 00ac 8093 0000 		sts analogwertV,r24
 112               	.LM22:
 113 00b0 87E0      		ldi r24,lo8(7)
 114 00b2 0E94 0000 		call adc
 115 00b6 9093 0000 		sts (analogwertAkku)+1,r25
 116 00ba 8093 0000 		sts analogwertAkku,r24
 117               	.LM23:
 118 00be 8091 0000 		lds r24,analogwertL
 119 00c2 9091 0000 		lds r25,(analogwertL)+1
 120 00c6 66E4      		ldi r22,lo8(70)
 121 00c8 70E0      		ldi r23,hi8(70)
 122 00ca 0E94 0000 		call linearisierungAD_links
 123 00ce 9093 0000 		sts (abstandlinks)+1,r25
 124 00d2 8093 0000 		sts abstandlinks,r24
 125               	.LM24:
 126 00d6 8091 0000 		lds r24,analogwertR
 127 00da 9091 0000 		lds r25,(analogwertR)+1
 128 00de 66E4      		ldi r22,lo8(70)
 129 00e0 70E0      		ldi r23,hi8(70)
 130 00e2 0E94 0000 		call linearisierungAD_rechts
 131 00e6 9093 0000 		sts (abstandrechts)+1,r25
 132 00ea 8093 0000 		sts abstandrechts,r24
 133               	.LM25:
 134 00ee 8091 0000 		lds r24,analogwertV
 135 00f2 9091 0000 		lds r25,(analogwertV)+1
 136 00f6 64E6      		ldi r22,lo8(100)
 137 00f8 70E0      		ldi r23,hi8(100)
 138 00fa 0E94 0000 		call linearisierungAD_vorne
 139 00fe 9093 0000 		sts (abstandvorne)+1,r25
 140 0102 8093 0000 		sts abstandvorne,r24
 141               	.LM26:
 142 0106 8091 0000 		lds r24,abtastzeit
 143 010a 9091 0000 		lds r25,(abtastzeit)+1
 144 010e 8436      		cpi r24,100
 145 0110 9105      		cpc r25,__zero_reg__
 146 0112 00F4      		brsh .+2
 147 0114 00C0      		rjmp .L21
 148               	.LM27:
 149 0116 1092 0000 		sts (abtastzeit)+1,__zero_reg__
 150 011a 1092 0000 		sts abtastzeit,__zero_reg__
 151               	.LM28:
 152 011e 8091 0000 		lds r24,datenSatzZaehler
 153 0122 9091 0000 		lds r25,(datenSatzZaehler)+1
 154 0126 0196      		adiw r24,1
 155 0128 9093 0000 		sts (datenSatzZaehler)+1,r25
 156 012c 8093 0000 		sts datenSatzZaehler,r24
 157               	.LM29:
 158 0130 0E94 0000 		call datenspeichern
 159               	.LM30:
 160 0134 8091 0000 		lds r24,mod
 161 0138 8230      		cpi r24,lo8(2)
 162 013a 01F0      		breq .L11
 163 013c 8330      		cpi r24,lo8(3)
 164 013e 04F4      		brge .L14
 165 0140 8823      		tst r24
 166 0142 01F0      		breq .L9
 167 0144 8130      		cpi r24,lo8(1)
 168 0146 01F4      		brne .L8
 169 0148 00C0      		rjmp .L23
 170               	.L14:
 171 014a 8330      		cpi r24,lo8(3)
 172 014c 01F0      		breq .L12
 173 014e 8930      		cpi r24,lo8(9)
 174 0150 01F4      		brne .L8
 175 0152 00C0      		rjmp .L24
 176               	.L9:
 177               	.LM31:
 178 0154 80E0      		ldi r24,lo8(0)
 179 0156 0E94 0000 		call ledPC3
 180 015a 80E0      		ldi r24,lo8(0)
 181 015c 0E94 0000 		call ledPC2
 182 0160 00C0      		rjmp .L15
 183               	.L23:
 184               	.LM32:
 185 0162 80E0      		ldi r24,lo8(0)
 186 0164 0E94 0000 		call ledPC3
 187 0168 81E0      		ldi r24,lo8(1)
 188 016a 0E94 0000 		call ledPC2
 189               	.LM33:
 190 016e 0E94 0000 		call fahren1
 191 0172 00C0      		rjmp .L15
 192               	.L11:
 193               	.LM34:
 194 0174 81E0      		ldi r24,lo8(1)
 195 0176 0E94 0000 		call ledPC3
 196 017a 80E0      		ldi r24,lo8(0)
 197 017c 0E94 0000 		call ledPC2
 198               	.LM35:
 199 0180 0E94 0000 		call fahren2
 200 0184 00C0      		rjmp .L15
 201               	.L12:
 202               	.LM36:
 203 0186 81E0      		ldi r24,lo8(1)
 204 0188 0E94 0000 		call ledPC3
 205 018c 81E0      		ldi r24,lo8(1)
 206 018e 0E94 0000 		call ledPC2
 207               	.LM37:
 208 0192 0E94 0000 		call fahren3
 209 0196 00C0      		rjmp .L15
 210               	.L24:
 211               	.LM38:
 212 0198 84E6      		ldi r24,lo8(100)
 213 019a 0E94 0000 		call ledPC2_flash
 214 019e 84E6      		ldi r24,lo8(100)
 215 01a0 60E0      		ldi r22,lo8(0)
 216 01a2 0E94 0000 		call ledPC3_flash
 217               	.LM39:
 218 01a6 80E0      		ldi r24,lo8(0)
 219 01a8 90E0      		ldi r25,hi8(0)
 220 01aa 0E94 0000 		call fahr
 221 01ae 00C0      		rjmp .L15
 222               	.L8:
 223               	.LM40:
 224 01b0 8EE1      		ldi r24,lo8(30)
 225 01b2 0E94 0000 		call ledPC2_flash
 226 01b6 8EE1      		ldi r24,lo8(30)
 227 01b8 61E0      		ldi r22,lo8(1)
 228 01ba 0E94 0000 		call ledPC3_flash
 229               	.L15:
 230               	.LM41:
 231 01be 0E94 0000 		call terminal_aktiv
 232               	.LM42:
 233 01c2 8091 0000 		lds r24,historyDepthPointer
 234 01c6 8E31      		cpi r24,lo8(30)
 235 01c8 04F0      		brlt .L16
 236               	.LM43:
 237 01ca 80E0      		ldi r24,lo8(0)
 238 01cc 90E0      		ldi r25,hi8(0)
 239 01ce 0E94 0000 		call servo
 240               	.LM44:
 241 01d2 80E0      		ldi r24,lo8(0)
 242 01d4 90E0      		ldi r25,hi8(0)
 243 01d6 0E94 0000 		call fahr
 244               	.LM45:
 245 01da 1092 0000 		sts mod,__zero_reg__
 246               	.L16:
 247               	.LM46:
 248 01de 8091 0000 		lds r24,datenSatzZaehler
 249 01e2 9091 0000 		lds r25,(datenSatzZaehler)+1
 250 01e6 885E      		subi r24,lo8(-536)
 251 01e8 9D4F      		sbci r25,hi8(-536)
 252 01ea 00F4      		brsh .+2
 253 01ec 00C0      		rjmp .L21
 254 01ee 1092 0000 		sts (datenSatzZaehler)+1,__zero_reg__
 255 01f2 1092 0000 		sts datenSatzZaehler,__zero_reg__
 256 01f6 00C0      		rjmp .L21
 257               	.LFE2:
 283               	.Letext0:
DEFINED SYMBOLS
                            *ABS*:00000000 CrazyCar-V1.31.c
C:\Users\student\AppData\Local\Temp/ccKjhgIj.s:2      *ABS*:0000003f __SREG__
C:\Users\student\AppData\Local\Temp/ccKjhgIj.s:3      *ABS*:0000003e __SP_H__
C:\Users\student\AppData\Local\Temp/ccKjhgIj.s:4      *ABS*:0000003d __SP_L__
C:\Users\student\AppData\Local\Temp/ccKjhgIj.s:5      *ABS*:00000034 __CCP__
C:\Users\student\AppData\Local\Temp/ccKjhgIj.s:6      *ABS*:00000000 __tmp_reg__
C:\Users\student\AppData\Local\Temp/ccKjhgIj.s:7      *ABS*:00000001 __zero_reg__
C:\Users\student\AppData\Local\Temp/ccKjhgIj.s:18     .text:00000000 main

UNDEFINED SYMBOLS
initMikroController
initServo
initFahr
servo
fahr
s1
s2
mod
s3
ledPB2
historyDepthPointer
hspStart
s4
ledPB1
akkuSpannungPruefen
adc
analogwertL
analogwertR
analogwertV
analogwertAkku
linearisierungAD_links
abstandlinks
linearisierungAD_rechts
abstandrechts
linearisierungAD_vorne
abstandvorne
abtastzeit
datenSatzZaehler
datenspeichern
ledPC3
ledPC2
fahren1
fahren2
fahren3
ledPC2_flash
ledPC3_flash
terminal_aktiv
