   1               		.file	"pwm.c"
   2               	__SREG__ = 0x3f
   3               	__SP_H__ = 0x3e
   4               	__SP_L__ = 0x3d
   5               	__CCP__  = 0x34
   6               	__tmp_reg__ = 0
   7               	__zero_reg__ = 1
  15               	.Ltext0:
  16               	.global	pwm_init
  18               	pwm_init:
  19               	.LFB2:
  20               	.LM1:
  21               	/* prologue: function */
  22               	/* frame size = 0 */
  23               	.LM2:
  24 0000 1DBC      		out (76)+1-32,__zero_reg__
  25 0002 1CBC      		out 76-32,__zero_reg__
  26               	.LM3:
  27 0004 87EE      		ldi r24,lo8(7143)
  28 0006 9BE1      		ldi r25,hi8(7143)
  29 0008 97BD      		out (70)+1-32,r25
  30 000a 86BD      		out 70-32,r24
  31               	.LM4:
  32 000c 8FB5      		in r24,79-32
  33 000e 806A      		ori r24,lo8(-96)
  34 0010 8FBD      		out 79-32,r24
  35               	.LM5:
  36 0012 8EB5      		in r24,78-32
  37 0014 8261      		ori r24,lo8(18)
  38 0016 8EBD      		out 78-32,r24
  39               	/* epilogue start */
  40               	.LM6:
  41 0018 0895      		ret
  42               	.LFE2:
  68               	.Letext0:
DEFINED SYMBOLS
                            *ABS*:00000000 pwm.c
C:\Users\macie\AppData\Local\Temp/cccDU87g.s:2      *ABS*:0000003f __SREG__
C:\Users\macie\AppData\Local\Temp/cccDU87g.s:3      *ABS*:0000003e __SP_H__
C:\Users\macie\AppData\Local\Temp/cccDU87g.s:4      *ABS*:0000003d __SP_L__
C:\Users\macie\AppData\Local\Temp/cccDU87g.s:5      *ABS*:00000034 __CCP__
C:\Users\macie\AppData\Local\Temp/cccDU87g.s:6      *ABS*:00000000 __tmp_reg__
C:\Users\macie\AppData\Local\Temp/cccDU87g.s:7      *ABS*:00000001 __zero_reg__
C:\Users\macie\AppData\Local\Temp/cccDU87g.s:18     .text:00000000 pwm_init

NO UNDEFINED SYMBOLS
